<?xml version="1.0" encoding="UTF-8"?>
<!-- Generated by org.testng.reporters.JUnitXMLReporter -->
<testsuite hostname="LAPTOP-KMUJCLJF" ignored="0" name="ChromeTest" tests="4" failures="0" timestamp="03 Apr 2021 12:05:28 GMT" time="29.341" errors="0">
  <testcase name="verifySearchBox" time="0.966" classname="com.bunnings.testscripts.SearchBox"/>
  <testcase name="verifySearchNoText" time="1.166" classname="com.bunnings.testscripts.SearchBox"/>
  <testcase name="verifySearchInCorrectText" time="7.376" classname="com.bunnings.testscripts.SearchBox"/>
  <testcase name="verifySearchCorrectText" time="8.293" classname="com.bunnings.testscripts.SearchBox"/>
</testsuite> <!-- ChromeTest -->
