<?xml version="1.0" encoding="UTF-8"?>
<!-- Generated by org.testng.reporters.JUnitXMLReporter -->
<testsuite hostname="LAPTOP-KMUJCLJF" ignored="0" name="FirefoxTest" tests="4" failures="0" timestamp="03 Apr 2021 12:06:00 GMT" time="31.66" errors="0">
  <testcase name="verifySearchBox" time="0.623" classname="com.bunnings.testscripts.SearchBox"/>
  <testcase name="verifySearchNoText" time="1.233" classname="com.bunnings.testscripts.SearchBox"/>
  <testcase name="verifySearchInCorrectText" time="8.985" classname="com.bunnings.testscripts.SearchBox"/>
  <testcase name="verifySearchCorrectText" time="7.345" classname="com.bunnings.testscripts.SearchBox"/>
</testsuite> <!-- FirefoxTest -->
