<?xml version="1.0" encoding="UTF-8"?>
<testng-results skipped="0" failed="0" ignored="0" total="1" passed="1">
  <reporter-output>
  </reporter-output>
  <suite name="NewTest" duration-ms="128" started-at="2021-04-01T21:00:51 AEDT" finished-at="2021-04-01T21:00:52 AEDT">
    <groups>
    </groups>
    <test name="Command line test" duration-ms="128" started-at="2021-04-01T21:00:51 AEDT" finished-at="2021-04-01T21:00:52 AEDT">
      <class name="NewTest">
        <test-method status="PASS" signature="f()[pri:0, instance:NewTest@271053e1]" name="f" duration-ms="14" started-at="2021-04-01T21:00:51 AEDT" finished-at="2021-04-01T21:00:51 AEDT">
          <reporter-output>
          </reporter-output>
        </test-method> <!-- f -->
      </class> <!-- NewTest -->
    </test> <!-- Command line test -->
  </suite> <!-- NewTest -->
</testng-results>
